This is pdfTeX, Version 3.14159265-2.6-1.40.15 (TeX Live 2014/Arch Linux) (preloaded format=pdflatex 2015.4.21)  27 JUL 2015 15:45
entering extended mode
 restricted \write18 enabled.
 %&-line parsing enabled.
**htmldroplet.tex
(./htmldroplet.tex
LaTeX2e <2014/05/01>
Babel <3.9l> and hyphenation patterns for 79 languages loaded.
(./IEEEtran.cls
Document Class: IEEEtran 2012/11/21 V1.8c by Harald Hanche-Olsen and Anders Chr
istensen
-- Based on V1.7a by Michael Shell
-- See the "IEEEtran_HOWTO" manual for usage information.
-- http://www.michaelshell.org/tex/ieeetran/
\@IEEEtrantmpdimenA=\dimen102
\@IEEEtrantmpdimenB=\dimen103
\@IEEEtrantmpcountA=\count79
\@IEEEtrantmpcountB=\count80
\@IEEEtrantmptoksA=\toks14
LaTeX Font Info:    Try loading font information for OT1+ptm on input line 373.

(/usr/share/texmf-dist/tex/latex/psnfss/ot1ptm.fd
File: ot1ptm.fd 2001/06/04 font definitions for OT1/ptm.
)
-- Using 8.5in x 11in (letter) paper.
-- Using PDF output.
\@IEEEnormalsizeunitybaselineskip=\dimen104
-- This is a 10 point document.
\CLASSINFOnormalsizebaselineskip=\dimen105
\CLASSINFOnormalsizeunitybaselineskip=\dimen106
\IEEEnormaljot=\dimen107
LaTeX Font Info:    Font shape `OT1/ptm/bx/n' in size <5> not available
(Font)              Font shape `OT1/ptm/b/n' tried instead on input line 731.
LaTeX Font Info:    Font shape `OT1/ptm/bx/it' in size <5> not available
(Font)              Font shape `OT1/ptm/b/it' tried instead on input line 731.
LaTeX Font Info:    Font shape `OT1/ptm/bx/n' in size <7> not available
(Font)              Font shape `OT1/ptm/b/n' tried instead on input line 731.
LaTeX Font Info:    Font shape `OT1/ptm/bx/it' in size <7> not available
(Font)              Font shape `OT1/ptm/b/it' tried instead on input line 731.
LaTeX Font Info:    Font shape `OT1/ptm/bx/n' in size <8> not available
(Font)              Font shape `OT1/ptm/b/n' tried instead on input line 731.
LaTeX Font Info:    Font shape `OT1/ptm/bx/it' in size <8> not available
(Font)              Font shape `OT1/ptm/b/it' tried instead on input line 731.
LaTeX Font Info:    Font shape `OT1/ptm/bx/n' in size <9> not available
(Font)              Font shape `OT1/ptm/b/n' tried instead on input line 731.
LaTeX Font Info:    Font shape `OT1/ptm/bx/it' in size <9> not available
(Font)              Font shape `OT1/ptm/b/it' tried instead on input line 731.
LaTeX Font Info:    Font shape `OT1/ptm/bx/n' in size <10> not available
(Font)              Font shape `OT1/ptm/b/n' tried instead on input line 731.
LaTeX Font Info:    Font shape `OT1/ptm/bx/it' in size <10> not available
(Font)              Font shape `OT1/ptm/b/it' tried instead on input line 731.
LaTeX Font Info:    Font shape `OT1/ptm/bx/n' in size <11> not available
(Font)              Font shape `OT1/ptm/b/n' tried instead on input line 731.
LaTeX Font Info:    Font shape `OT1/ptm/bx/it' in size <11> not available
(Font)              Font shape `OT1/ptm/b/it' tried instead on input line 731.
LaTeX Font Info:    Font shape `OT1/ptm/bx/n' in size <12> not available
(Font)              Font shape `OT1/ptm/b/n' tried instead on input line 731.
LaTeX Font Info:    Font shape `OT1/ptm/bx/it' in size <12> not available
(Font)              Font shape `OT1/ptm/b/it' tried instead on input line 731.
LaTeX Font Info:    Font shape `OT1/ptm/bx/n' in size <17> not available
(Font)              Font shape `OT1/ptm/b/n' tried instead on input line 731.
LaTeX Font Info:    Font shape `OT1/ptm/bx/it' in size <17> not available
(Font)              Font shape `OT1/ptm/b/it' tried instead on input line 731.
LaTeX Font Info:    Font shape `OT1/ptm/bx/n' in size <20> not available
(Font)              Font shape `OT1/ptm/b/n' tried instead on input line 731.
LaTeX Font Info:    Font shape `OT1/ptm/bx/it' in size <20> not available
(Font)              Font shape `OT1/ptm/b/it' tried instead on input line 731.
LaTeX Font Info:    Font shape `OT1/ptm/bx/n' in size <24> not available
(Font)              Font shape `OT1/ptm/b/n' tried instead on input line 731.
LaTeX Font Info:    Font shape `OT1/ptm/bx/it' in size <24> not available
(Font)              Font shape `OT1/ptm/b/it' tried instead on input line 731.
\IEEEilabelindentA=\dimen108
\IEEEilabelindentB=\dimen109
\IEEEilabelindent=\dimen110
\IEEEelabelindent=\dimen111
\IEEEdlabelindent=\dimen112
\IEEElabelindent=\dimen113
\IEEEiednormlabelsep=\dimen114
\IEEEiedmathlabelsep=\dimen115
\IEEEiedtopsep=\skip41
\c@section=\count81
\c@subsection=\count82
\c@subsubsection=\count83
\c@paragraph=\count84
\c@IEEEsubequation=\count85
\abovecaptionskip=\skip42
\belowcaptionskip=\skip43
\c@figure=\count86
\c@table=\count87
\@IEEEeqnnumcols=\count88
\@IEEEeqncolcnt=\count89
\@IEEEtmpitemindent=\dimen116
\c@IEEEbiography=\count90
\@IEEEtranrubishbin=\box26
) (/usr/share/texmf-dist/tex/latex/graphics/graphicx.sty
Package: graphicx 2014/10/28 v1.0g Enhanced LaTeX Graphics (DPC,SPQR)

(/usr/share/texmf-dist/tex/latex/graphics/keyval.sty
Package: keyval 2014/10/28 v1.15 key=value parser (DPC)
\KV@toks@=\toks15
)
(/usr/share/texmf-dist/tex/latex/graphics/graphics.sty
Package: graphics 2014/10/28 v1.0p Standard LaTeX Graphics (DPC,SPQR)

(/usr/share/texmf-dist/tex/latex/graphics/trig.sty
Package: trig 1999/03/16 v1.09 sin cos tan (DPC)
)
(/usr/share/texmf-dist/tex/latex/latexconfig/graphics.cfg
File: graphics.cfg 2010/04/23 v1.9 graphics configuration of TeX Live
)
Package graphics Info: Driver file: pdftex.def on input line 91.

(/usr/share/texmf-dist/tex/latex/pdftex-def/pdftex.def
File: pdftex.def 2011/05/27 v0.06d Graphics/color for pdfTeX

(/usr/share/texmf-dist/tex/generic/oberdiek/infwarerr.sty
Package: infwarerr 2010/04/08 v1.3 Providing info/warning/error messages (HO)
)
(/usr/share/texmf-dist/tex/generic/oberdiek/ltxcmds.sty
Package: ltxcmds 2011/11/09 v1.22 LaTeX kernel commands for general use (HO)
)
\Gread@gobject=\count91
))
\Gin@req@height=\dimen117
\Gin@req@width=\dimen118
)
(/usr/share/texmf-dist/tex/latex/sttools/stfloats.sty
Package: stfloats 2012/05/29 v1.1 Improve float mechanism and baselineskip sett
ings
\@dblbotnum=\count92
\c@dblbotnumber=\count93
) (./htmldroplet.aux)
\openout1 = `htmldroplet.aux'.

LaTeX Font Info:    Checking defaults for OML/cmm/m/it on input line 333.
LaTeX Font Info:    ... okay on input line 333.
LaTeX Font Info:    Checking defaults for T1/cmr/m/n on input line 333.
LaTeX Font Info:    ... okay on input line 333.
LaTeX Font Info:    Checking defaults for OT1/cmr/m/n on input line 333.
LaTeX Font Info:    ... okay on input line 333.
LaTeX Font Info:    Checking defaults for OMS/cmsy/m/n on input line 333.
LaTeX Font Info:    ... okay on input line 333.
LaTeX Font Info:    Checking defaults for OMX/cmex/m/n on input line 333.
LaTeX Font Info:    ... okay on input line 333.
LaTeX Font Info:    Checking defaults for U/cmr/m/n on input line 333.
LaTeX Font Info:    ... okay on input line 333.

(/usr/share/texmf-dist/tex/context/base/supp-pdf.mkii
[Loading MPS to PDF converter (version 2006.09.02).]
\scratchcounter=\count94
\scratchdimen=\dimen119
\scratchbox=\box27
\nofMPsegments=\count95
\nofMParguments=\count96
\everyMPshowfont=\toks16
\MPscratchCnt=\count97
\MPscratchDim=\dimen120
\MPnumerator=\count98
\makeMPintoPDFobject=\count99
\everyMPtoPDFconversion=\toks17
) (/usr/share/texmf-dist/tex/generic/oberdiek/pdftexcmds.sty
Package: pdftexcmds 2011/11/29 v0.20 Utility functions of pdfTeX for LuaTeX (HO
)

(/usr/share/texmf-dist/tex/generic/oberdiek/ifluatex.sty
Package: ifluatex 2010/03/01 v1.3 Provides the ifluatex switch (HO)
Package ifluatex Info: LuaTeX not detected.
)
(/usr/share/texmf-dist/tex/generic/oberdiek/ifpdf.sty
Package: ifpdf 2011/01/30 v2.3 Provides the ifpdf switch (HO)
Package ifpdf Info: pdfTeX in PDF mode is detected.
)
Package pdftexcmds Info: LuaTeX not detected.
Package pdftexcmds Info: \pdf@primitive is available.
Package pdftexcmds Info: \pdf@ifprimitive is available.
Package pdftexcmds Info: \pdfdraftmode found.
)
(/usr/share/texmf-dist/tex/latex/oberdiek/epstopdf-base.sty
Package: epstopdf-base 2010/02/09 v2.5 Base part for package epstopdf

(/usr/share/texmf-dist/tex/latex/oberdiek/grfext.sty
Package: grfext 2010/08/19 v1.1 Manage graphics extensions (HO)

(/usr/share/texmf-dist/tex/generic/oberdiek/kvdefinekeys.sty
Package: kvdefinekeys 2011/04/07 v1.3 Define keys (HO)
))
(/usr/share/texmf-dist/tex/latex/oberdiek/kvoptions.sty
Package: kvoptions 2011/06/30 v3.11 Key value format for package options (HO)

(/usr/share/texmf-dist/tex/generic/oberdiek/kvsetkeys.sty
Package: kvsetkeys 2012/04/25 v1.16 Key value parser (HO)

(/usr/share/texmf-dist/tex/generic/oberdiek/etexcmds.sty
Package: etexcmds 2011/02/16 v1.5 Avoid name clashes with e-TeX commands (HO)
Package etexcmds Info: Could not find \expanded.
(etexcmds)             That can mean that you are not using pdfTeX 1.50 or
(etexcmds)             that some package has redefined \expanded.
(etexcmds)             In the latter case, load this package earlier.
)))
Package grfext Info: Graphics extension search list:
(grfext)             [.jpg,.png,.eps]
(grfext)             \AppendGraphicsExtensions on input line 452.

(/usr/share/texmf-dist/tex/latex/latexconfig/epstopdf-sys.cfg
File: epstopdf-sys.cfg 2010/07/13 v1.3 Configuration of (r)epstopdf for TeX Liv
e
))
<./images/lifecycle.png, id=1, 620.3175pt x 262.9825pt>
File: ./images/lifecycle.png Graphic file (type png)

<use ./images/lifecycle.png>
Package pdftex.def Info: ./images/lifecycle.png used on input line 434.
(pdftex.def)             Requested size: 361.34999pt x 153.19205pt.

<./images/dualmode.png, id=2, 1104.125pt x 431.6125pt>
File: ./images/dualmode.png Graphic file (type png)

<use ./images/dualmode.png>
Package pdftex.def Info: ./images/dualmode.png used on input line 441.
(pdftex.def)             Requested size: 433.62pt x 169.50706pt.
LaTeX Font Info:    External font `cmex10' loaded for size
(Font)              <7> on input line 466.
LaTeX Font Info:    External font `cmex10' loaded for size
(Font)              <5> on input line 466.
LaTeX Font Info:    Try loading font information for OMS+ptm on input line 476.

 (/usr/share/texmf-dist/tex/latex/psnfss/omsptm.fd
File: omsptm.fd 
)
LaTeX Font Info:    Font shape `OMS/ptm/m/n' in size <10> not available
(Font)              Font shape `OMS/cmsy/m/n' tried instead on input line 476.

[1{/var/lib/texmf/fonts/map/pdftex/updmap/pdftex.map}


]

LaTeX Warning: Citation `Whoever' on page 2 undefined on input line 487.

<./images/taggraph3.png, id=14, 1239.63126pt x 808.01875pt>
File: ./images/taggraph3.png Graphic file (type png)

<use ./images/taggraph3.png>
Package pdftex.def Info: ./images/taggraph3.png used on input line 491.
(pdftex.def)             Requested size: 505.89pt x 329.74866pt.

<./images/Palette.png, id=15, 748.7975pt x 520.94624pt>
File: ./images/Palette.png Graphic file (type png)

<use ./images/Palette.png>
Package pdftex.def Info: ./images/Palette.png used on input line 504.
(pdftex.def)             Requested size: 361.34999pt x 251.39473pt.

<./images/attrgraph.png, id=16, 1136.245pt x 584.1825pt>
File: ./images/attrgraph.png Graphic file (type png)

<use ./images/attrgraph.png>
Package pdftex.def Info: ./images/attrgraph.png used on input line 511.
(pdftex.def)             Requested size: 469.75499pt x 241.52199pt.

<./images/dropdown.png, id=17, 345.29pt x 311.1625pt>
File: ./images/dropdown.png Graphic file (type png)

<use ./images/dropdown.png>
Package pdftex.def Info: ./images/dropdown.png used on input line 518.
(pdftex.def)             Requested size: 216.81pt x 195.38293pt.
 [2 <./images/lifecycle.png (PNG copy)> <./images/dualmode.png>] [3 <./images/t
aggraph3.png> <./images/Palette.png>]
LaTeX Font Info:    Try loading font information for OML+ptm on input line 530.


(/usr/share/texmf-dist/tex/latex/psnfss/omlptm.fd
File: omlptm.fd 
)
LaTeX Font Info:    Font shape `OML/ptm/m/n' in size <10> not available
(Font)              Font shape `OML/cmm/m/it' tried instead on input line 530.
 [4 <./images/attrgraph.png> <./images/dropdown.png>]
Underfull \hbox (badness 10000) in paragraph at lines 540--541
[]\OT1/ptm/m/n/8 Qusay H. Mah-moud, Wlodek Do-bosiewicz, and David
 []


Underfull \hbox (badness 5741) in paragraph at lines 540--541
\OT1/ptm/m/n/8 Swayne. 2004. Re-design-ing in-tro-duc-tory com-puter pro-gram-m
ing
 []


Underfull \hbox (badness 10000) in paragraph at lines 540--541
\OT1/ptm/m/n/8 with HTML, JavaScript, and Java. SIGCSE Bull. 36,
 []


Underfull \hbox (badness 10000) in paragraph at lines 540--541
\OT1/ptm/m/n/8 1 (March 2004), 120-124. DOI=10.1145/1028174.971344
 []


Underfull \hbox (badness 10000) in paragraph at lines 560--561
[]\OT1/ptm/m/n/8 Webmonkey. HTML Cheat Sheet.//
 []


Underfull \hbox (badness 10000) in paragraph at lines 562--563
[]\OT1/ptm/m/n/8 A Sim-ple Guide to HTML. HTML Cheat Sheet.
 []


Underfull \hbox (badness 10000) in paragraph at lines 564--565
[]\OT1/ptm/m/n/8 Usabilla. An HTML Cheat Sheet That Never Fails.
 []


Overfull \hbox (39.47572pt too wide) in paragraph at lines 566--568
\OT1/ptm/m/n/8 http://www.exploringcs.org/wp-content/uploads/2014/02/ExploringC
omputerScience-
 []


Overfull \hbox (24.01123pt too wide) in paragraph at lines 572--573
[]\OT1/ptm/m/n/8 Htmldog be-gin-ner tu-to-rial http://htmldog.com/guides/html/b
eginner/conclusion/ 
 []


Underfull \hbox (badness 10000) in paragraph at lines 586--588
\OT1/ptm/m/n/8 https://developers.whatwg.org/content-models.html#script-support
ing-
 []


Underfull \hbox (badness 10000) in paragraph at lines 589--590
[]\OT1/ptm/m/n/8 https://html.spec.whatwg.org/multipage/dom.html#transparent-co
ntent-
 []


** Conference Paper **
Before submitting the final camera ready copy, remember to:

 1. Manually equalize the lengths of two columns on the last page
 of your paper;

 2. Ensure that any PostScript and/or PDF output post-processing
 uses only Type 1 fonts and that every step in the generation
 process uses the appropriate paper size.

[5

] (./htmldroplet.aux)

LaTeX Warning: There were undefined references.

 ) 
Here is how much of TeX's memory you used:
 2273 strings out of 493109
 36043 string characters out of 6140856
 102400 words of memory out of 5000000
 5725 multiletter control sequences out of 15000+600000
 35192 words of font info for 64 fonts, out of 8000000 for 9000
 1144 hyphenation exceptions out of 8191
 37i,6n,23p,1106b,217s stack positions out of 5000i,500n,10000p,200000b,80000s
{/usr/share/texmf-dist/fonts/enc/dvips/base/8r.enc}</usr/share/texmf-dist/fon
ts/type1/public/amsfonts/cm/cmmi10.pfb></usr/share/texmf-dist/fonts/type1/publi
c/amsfonts/cm/cmsy10.pfb></usr/share/texmf-dist/fonts/type1/urw/times/utmb8a.pf
b></usr/share/texmf-dist/fonts/type1/urw/times/utmbi8a.pfb></usr/share/texmf-di
st/fonts/type1/urw/times/utmr8a.pfb></usr/share/texmf-dist/fonts/type1/urw/time
s/utmri8a.pfb>
Output written on htmldroplet.pdf (5 pages, 397118 bytes).
PDF statistics:
 57 PDF objects out of 1000 (max. 8388607)
 32 compressed objects within 1 object stream
 0 named destinations out of 1000 (max. 500000)
 31 words of extra memory for PDF output out of 10000 (max. 10000000)

